\BOOKMARK [1][-]{section.1}{\376\377\000V\000u\000e\000\040\000C\000A\000D\000\040\0003\000D\000\040\000e\000x\000p\000l\000o\000s\000\351\000e}{}% 1
\BOOKMARK [1][-]{section.2}{\376\377\000c\000a\000p\000t\000u\000r\000e\000s\000\040\000d\000'\000\351\000c\000r\000a\000n\000\040\000d\000e\000s\000\040\000e\000n\000v\000e\000l\000o\000p\000p\000e\000s\000\040\000d\000'\000i\000m\000p\000r\000e\000s\000s\000i\000o\000n}{}% 2
\BOOKMARK [2][-]{subsection.2.1}{\376\377\000V\000o\000l\000u\000m\000e\000s\000\040\000P\000r\000\351\000f\000\351\000r\000e\000n\000t\000i\000e\000l\000s\000\040\000X\000-\000Y}{section.2}% 3
\BOOKMARK [3][-]{subsubsection.2.1.1}{\376\377\000V\000o\000l\000u\000m\000e\000\040\000##\0001}{subsection.2.1}% 4
\BOOKMARK [3][-]{subsubsection.2.1.2}{\376\377\000V\000o\000l\000u\000m\000e\000\040\000##\0002}{subsection.2.1}% 5
\BOOKMARK [2][-]{subsection.2.2}{\376\377\000V\000o\000l\000u\000m\000e\000s\000\040\000P\000r\000\351\000f\000\351\000r\000e\000n\000t\000i\000e\000l\000s\000\040\000Z}{section.2}% 6
\BOOKMARK [3][-]{subsubsection.2.2.1}{\376\377\000V\000o\000l\000u\000m\000e\000\040\000##\0003}{subsection.2.2}% 7
\BOOKMARK [3][-]{subsubsection.2.2.2}{\376\377\000V\000o\000l\000u\000m\000e\000\040\000##\0004}{subsection.2.2}% 8
\BOOKMARK [1][-]{section.3}{\376\377\000C\000r\000o\000q\000u\000i\000s\000\040\000\340\000\040\000m\000a\000i\000n\000\040\000l\000e\000v\000\351}{}% 9
\BOOKMARK [2][-]{subsection.3.1}{\376\377\000C\000o\000n\000c\000e\000p\000t\000\040\000\043\0001\000:\000\040\000S\000a\000m\000u\000e\000l\000\040\000R\000o\000y}{section.3}% 10
\BOOKMARK [2][-]{subsection.3.2}{\376\377\000C\000o\000n\000c\000e\000p\000t\000\040\000\043\0002\000:\000\040\000W\000i\000l\000l\000i\000a\000m\000\040\000H\000a\000m\000i\000l\000t\000o\000n}{section.3}% 11
\BOOKMARK [2][-]{subsection.3.3}{\376\377\000C\000o\000n\000c\000e\000p\000t\000\040\000\043\0003\000:\000\040\000P\000a\000u\000l\000\040\000C\000h\000a\000r\000v\000e\000t}{section.3}% 12
\BOOKMARK [2][-]{subsection.3.4}{\376\377\000C\000o\000n\000c\000e\000p\000t\000\040\000\043\0004\000:\000\040\000C\000h\000a\000r\000l\000e\000s\000\040\000B\000o\000u\000t\000h\000i\000l\000l\000i\000e\000r}{section.3}% 13
\BOOKMARK [1][-]{section.4}{\376\377\000C\000a\000l\000c\000u\000l\000s}{}% 14
\BOOKMARK [2][-]{subsection.4.1}{\376\377\000C\000a\000l\000c\000u\000l\000\040\000d\000e\000\040\000f\000a\000i\000s\000a\000b\000i\000l\000i\000t\000\351\000\040\000\050\000\043\0001\000\051}{section.4}% 15
\BOOKMARK [2][-]{subsection.4.2}{\376\377\000C\000a\000l\000c\000u\000l\000\040\000\043\0002}{section.4}% 16
\BOOKMARK [2][-]{subsection.4.3}{\376\377\000C\000a\000l\000c\000u\000l\000\040\000\043\0003}{section.4}% 17
\BOOKMARK [2][-]{subsection.4.4}{\376\377\000C\000a\000l\000c\000u\000l\000\040\000\043\0004}{section.4}% 18
\BOOKMARK [1][-]{section.5}{\376\377\000C\000o\000n\000c\000l\000u\000s\000i\000o\000n}{}% 19
\BOOKMARK [2][-]{subsection.5.1}{\376\377\000F\000i\000c\000h\000e\000\040\000d\000e\000\040\000s\000p\000\351\000c\000i\000f\000i\000c\000a\000t\000i\000o\000n\000s\000\040\000t\000e\000c\000h\000n\000i\000q\000u\000e\000s}{section.5}% 20
